<?xml version="1.0" encoding="UTF-8"?>
<testsuite name="tests.ModificationGroup" tests="1" skipped="0" failures="0" errors="0" timestamp="2019-11-10T20:48:50" hostname="DESKTOP-OH2EBC8" time="28.369">
  <properties/>
  <testcase name="testGroupModification" classname="tests.ModificationGroup" time="28.369"/>
  <system-out><![CDATA[Number of groups BEFORE = [appmanager.GroupData@35d05c05, appmanager.GroupData@67c485ee, appmanager.GroupData@22de6b0d, appmanager.GroupData@6a143341, appmanager.GroupData@5d136a72, appmanager.GroupData@1ebb6fcb, appmanager.GroupData@4fecf912, appmanager.GroupData@4294595]
Number of groups AFTER = [appmanager.GroupData@422fff98, appmanager.GroupData@7af0521, appmanager.GroupData@2fa348af, appmanager.GroupData@61e8a523, appmanager.GroupData@5c0645b9, appmanager.GroupData@23ffc515, appmanager.GroupData@162c17f5, appmanager.GroupData@32c969ae]
]]></system-out>
  <system-err><![CDATA[1573418932162	mozrunner::runner	INFO	Running command: "C:\\Program Files\\Mozilla Firefox\\firefox.exe" "-marionette" "-foreground" "-no-remote" "-profile" "C:\\Users\\vista\\AppData\\Local\\Temp\\rust_mozprofileFBnBL2"
1573418933035	addons.webextension.screenshots@mozilla.org	WARN	Loading extension 'screenshots@mozilla.org': Reading manifest: Invalid extension permission: mozillaAddons
1573418933036	addons.webextension.screenshots@mozilla.org	WARN	Loading extension 'screenshots@mozilla.org': Reading manifest: Invalid extension permission: telemetry
1573418933036	addons.webextension.screenshots@mozilla.org	WARN	Loading extension 'screenshots@mozilla.org': Reading manifest: Invalid extension permission: resource://pdf.js/
1573418933036	addons.webextension.screenshots@mozilla.org	WARN	Loading extension 'screenshots@mozilla.org': Reading manifest: Invalid extension permission: about:reader*
JavaScript error: resource://gre/modules/XULStore.jsm, line 66: Error: Can't find profile directory.
1573418936561	Marionette	INFO	Listening on port 55182
1573418936964	Marionette	WARN	TLS certificate errors will be ignored for this session
Nov 10, 2019 10:48:57 PM org.openqa.selenium.remote.ProtocolHandshake createSession
INFO: Detected dialect: W3C
1573418956210	Marionette	INFO	Stopped listening on port 55182
[Child 1304, Chrome_ChildThread] WARNING: pipe error: 109: file z:/task_1571244707/build/src/ipc/chromium/src/chrome/common/ipc_channel_win.cc, line 341
[Child 1304, Chrome_ChildThread] WARNING: pipe error: 109: file z:/task_1571244707/build/src/ipc/chromium/src/chrome/common/ipc_channel_win.cc, line 341
[Child 9196, Chrome_ChildThread] WARNING: pipe error: 109: file z:/task_1571244707/build/src/ipc/chromium/src/chrome/common/ipc_channel_win.cc, line 341
[Child 9196, Chrome_ChildThread] WARNING: pipe error: 109: file z:/task_1571244707/build/src/ipc/chromium/src/chrome/common/ipc_channel_win.cc, line 341
[Parent 8632, Gecko_IOThread] WARNING: pipe error: 109: file z:/task_1571244707/build/src/ipc/chromium/src/chrome/common/ipc_channel_win.cc, line 341
[Child 6008, Chrome_ChildThread] WARNING: pipe error: 109: file z:/task_1571244707/build/src/ipc/chromium/src/chrome/common/ipc_channel_win.cc, line 341
[Child 6008, Chrome_ChildThread] WARNING: pipe error: 109: file z:/task_1571244707/build/src/ipc/chromium/src/chrome/common/ipc_channel_win.cc, line 341

###!!! [Child][RunMessage] Error: Channel closing: too late to send/recv, messages will be lost

[GPU 5020, Chrome_ChildThread] WARNING: pi
###!!! [Child][MessageChannel::SendAndWait] Error: Channel error: cannot send/recv

]]></system-err>
</testsuite>
