<?xml version="1.0" encoding="UTF-8"?>
<testsuite name="addressbook.DeleteGroup" tests="1" skipped="0" failures="0" errors="0" timestamp="2019-10-19T20:21:48" hostname="DESKTOP-OH2EBC8" time="26.25">
  <properties/>
  <testcase name="groupDeleting" classname="addressbook.DeleteGroup" time="26.25"/>
  <system-out><![CDATA[]]></system-out>
  <system-err><![CDATA[Starting ChromeDriver 77.0.3865.40 (f484704e052e0b556f8030b65b953dce96503217-refs/branch-heads/3865@{#442}) on port 27801
Only local connections are allowed.
Please protect ports used by ChromeDriver and related test frameworks to prevent access by malicious code.
[1571516512.970][WARNING]: Timed out connecting to Chrome, retrying...
Oct 19, 2019 11:21:55 PM org.openqa.selenium.remote.ProtocolHandshake createSession
INFO: Detected dialect: W3C
[1571516517.339][WARNING]: Timed out connecting to Chrome, retrying...
]]></system-err>
</testsuite>
