<?xml version="1.0" encoding="UTF-8"?>
<testsuite name="tests.ModificationGroup" tests="1" skipped="0" failures="0" errors="0" timestamp="2019-11-18T18:38:23" hostname="DESKTOP-OH2EBC8" time="28.414">
  <properties/>
  <testcase name="testGroupModification" classname="tests.ModificationGroup" time="28.414"/>
  <system-out><![CDATA[Number of groups BEFORE = [GroupData{id='23', name=''}, GroupData{id='24', name=''}, GroupData{id='26', name=''}, GroupData{id='25', name='test'}, GroupData{id='27', name='test1'}, GroupData{id='28', name='test1'}, GroupData{id='29', name='test1testtesttesttestesttesttesttesttesttesttesttesttesttestt'}]
Number of groups AFTER = [GroupData{id='23', name=''}, GroupData{id='24', name=''}, GroupData{id='26', name=''}, GroupData{id='25', name='test'}, GroupData{id='27', name='test1'}, GroupData{id='28', name='test1'}, GroupData{id='29', name='test1testtesttesttestesttesttesttesttesttesttesttesttesttesttestt'}]
]]></system-out>
  <system-err><![CDATA[1574102304901	mozrunner::runner	INFO	Running command: "C:\\Program Files\\Mozilla Firefox\\firefox.exe" "-marionette" "-foreground" "-no-remote" "-profile" "C:\\Users\\vista\\AppData\\Local\\Temp\\rust_mozprofileuC3L5c"
1574102305875	addons.webextension.screenshots@mozilla.org	WARN	Loading extension 'screenshots@mozilla.org': Reading manifest: Invalid extension permission: mozillaAddons
1574102305875	addons.webextension.screenshots@mozilla.org	WARN	Loading extension 'screenshots@mozilla.org': Reading manifest: Invalid extension permission: telemetry
1574102305876	addons.webextension.screenshots@mozilla.org	WARN	Loading extension 'screenshots@mozilla.org': Reading manifest: Invalid extension permission: resource://pdf.js/
1574102305876	addons.webextension.screenshots@mozilla.org	WARN	Loading extension 'screenshots@mozilla.org': Reading manifest: Invalid extension permission: about:reader*
JavaScript error: resource://gre/modules/XULStore.jsm, line 66: Error: Can't find profile directory.
1574102309690	Marionette	INFO	Listening on port 61011
1574102309853	Marionette	WARN	TLS certificate errors will be ignored for this session
Nov 18, 2019 8:38:29 PM org.openqa.selenium.remote.ProtocolHandshake createSession
INFO: Detected dialect: W3C
1574102328887	Marionette	INFO	Stopped listening on port 61011
[Child 11768, Chrome_ChildThread] WARNING: pipe error: 109: file z:/task_1571244707/build/src/ipc/chromium/src/chrome/common/ipc_channel_win.cc, line 341
[Child 11768, Chrome_ChildThread] WARNING: pipe error: 109: file z:/task_1571244707/build/src/ipc/chromium/src/chrome/common/ipc_channel_win.cc, line 341
[Parent 11992, Gecko_IOThread] WARNING: pipe error: 109: file z:/task_1571244707/build/src/ipc/chromium/src/chrome/common/ipc_channel_win.cc, line 341
[Child 7164, Chrome_ChildThread] WARNING: pipe error: 109: file z:/task_1571244707/build/src/ipc/chromium/src/chrome/common/ipc_channel_win.cc, line 341
[Parent 11992, Gecko_IOThread] WARNING: pipe error: 109: file z:/task_1571244707/build/src/ipc/chromium/src/chrome/common/ipc_channel_win.cc, line 341

###!!! [Child][RunMessage] Error: Channel closing: too late to send/recv, messages will be lost

[GPU 5484, Chrome_ChildThread] WARNING: pipe error: 109: file z:/task_1571244707/build/src/ipc/chromium/src/chrome/common/ipc_channel_win.cc, line 341

###!!! [Child][MessageChannel::SendAndWait] Error: Channel error: cannot send/recv

]]></system-err>
</testsuite>
