<?xml version="1.0" encoding="UTF-8"?>
<testsuite name="tests.ModificationGroup" tests="1" skipped="0" failures="0" errors="0" timestamp="2019-11-11T17:52:30" hostname="DESKTOP-OH2EBC8" time="27.385">
  <properties/>
  <testcase name="testGroupModification" classname="tests.ModificationGroup" time="27.385"/>
  <system-out><![CDATA[Number of groups BEFORE = [GroupData{id='23', name=''}, GroupData{id='24', name=''}, GroupData{id='25', name='test'}]
Number of groups AFTER = [GroupData{id='23', name=''}, GroupData{id='24', name=''}, GroupData{id='25', name='test'}]
]]></system-out>
  <system-err><![CDATA[1573494752362	mozrunner::runner	INFO	Running command: "C:\\Program Files\\Mozilla Firefox\\firefox.exe" "-marionette" "-foreground" "-no-remote" "-profile" "C:\\Users\\vista\\AppData\\Local\\Temp\\rust_mozprofile8SzR6L"
1573494753176	addons.webextension.screenshots@mozilla.org	WARN	Loading extension 'screenshots@mozilla.org': Reading manifest: Invalid extension permission: mozillaAddons
1573494753176	addons.webextension.screenshots@mozilla.org	WARN	Loading extension 'screenshots@mozilla.org': Reading manifest: Invalid extension permission: telemetry
1573494753177	addons.webextension.screenshots@mozilla.org	WARN	Loading extension 'screenshots@mozilla.org': Reading manifest: Invalid extension permission: resource://pdf.js/
1573494753177	addons.webextension.screenshots@mozilla.org	WARN	Loading extension 'screenshots@mozilla.org': Reading manifest: Invalid extension permission: about:reader*
JavaScript error: resource://gre/modules/XULStore.jsm, line 66: Error: Can't find profile directory.
1573494756668	Marionette	INFO	Listening on port 56805
1573494757117	Marionette	WARN	TLS certificate errors will be ignored for this session
Nov 11, 2019 7:52:37 PM org.openqa.selenium.remote.ProtocolHandshake createSession
INFO: Detected dialect: W3C
1573494775744	Marionette	INFO	Stopped listening on port 56805
[Parent 13024, Gecko_IOThread] WARNING: pipe error: 109: file z:/task_1571244707/build/src/ipc/chromium/src/chrome/common/ipc_channel_win.cc, line 341
[Child 6296, Chrome_ChildThread] WARNING: pipe error: 109: file z:/task_1571244707/build/src/ipc/chromium/src/chrome/common/ipc_channel_win.cc, line 341
[Child 6296, Chrome_ChildThr
###!!! [Child][RunMessage] Error: Channel closing: too late to send/recv, messages will be lost

[GPU 7476, Chrome_ChildThread] WARNING: pipe error
###!!! [Child][MessageChannel::SendAndWait] Error: Channel error: cannot send/recv

]]></system-err>
</testsuite>
