<?xml version="1.0" encoding="UTF-8"?>
<testsuite name="tests.DeleteGroup" tests="1" skipped="0" failures="0" errors="0" timestamp="2019-11-10T21:36:22" hostname="DESKTOP-OH2EBC8" time="24.845">
  <properties/>
  <testcase name="groupDeleting" classname="tests.DeleteGroup" time="24.845"/>
  <system-out><![CDATA[Number of groups BEFORE = [GroupData{name=''}, GroupData{name=''}, GroupData{name=''}, GroupData{name=''}]
Number of groups AFTER = [GroupData{name=''}, GroupData{name=''}, GroupData{name=''}]
]]></system-out>
  <system-err><![CDATA[1573421784235	mozrunner::runner	INFO	Running command: "C:\\Program Files\\Mozilla Firefox\\firefox.exe" "-marionette" "-foreground" "-no-remote" "-profile" "C:\\Users\\vista\\AppData\\Local\\Temp\\rust_mozprofile008vqV"
1573421785193	addons.webextension.screenshots@mozilla.org	WARN	Loading extension 'screenshots@mozilla.org': Reading manifest: Invalid extension permission: mozillaAddons
1573421785193	addons.webextension.screenshots@mozilla.org	WARN	Loading extension 'screenshots@mozilla.org': Reading manifest: Invalid extension permission: telemetry
1573421785194	addons.webextension.screenshots@mozilla.org	WARN	Loading extension 'screenshots@mozilla.org': Reading manifest: Invalid extension permission: resource://pdf.js/
1573421785194	addons.webextension.screenshots@mozilla.org	WARN	Loading extension 'screenshots@mozilla.org': Reading manifest: Invalid extension permission: about:reader*
JavaScript error: resource://gre/modules/XULStore.jsm, line 66: Error: Can't find profile directory.
1573421788652	Marionette	INFO	Listening on port 55690
1573421789052	Marionette	WARN	TLS certificate errors will be ignored for this session
Nov 10, 2019 11:36:29 PM org.openqa.selenium.remote.ProtocolHandshake createSession
INFO: Detected dialect: W3C
1573421804737	Marionette	INFO	Stopped listening on port 55690
[Parent 11724, Gecko_IOThread] WARNING: pipe error: 109: file z:/task_1571244707/build/src/ipc/chromium/src/chrome/common/ipc_channel_win.cc, line 341
[Child 11228, Chrome_ChildThread] WARNING: pipe error: 109: file z:/task_1571244707/build/src/ipc/chromium/src/chrome/common/ipc_channel_win.cc, line 341
[Child 11228, Chrome_ChildThread] WARNING: pipe error: 109: file z:/task_1571244707/build/s[Child 9740, Chrome_ChildThread] WARNING: pipe error: 109: file z:/task_1571244707/build/src/ipc/chromium/src/chrome/common/ipc_channel_win.cc, line 341
[Child 9740, Chrome_ChildThread] WARNING: pipe error: 109: file z:/task_1571244707/build/src/ipc/chromium/src/chrome/common/ipc_channel_win.cc, line 341
[Parent 11724, Gecko_IOThread] WARNING: pipe error: 109: file z:/task_1571244707/build/src/ipc/chromium/src/chrome/common/ipc_channel_win.cc, line 341

###!!! [Child][RunMessage] Error: Channel closing: too late to send/recv, messages will be lost

]]></system-err>
</testsuite>
