<?xml version="1.0" encoding="UTF-8"?>
<testsuite name="tests.PrimeTest" tests="3" skipped="1" failures="0" errors="0" timestamp="2019-11-05T17:40:18" hostname="DESKTOP-OH2EBC8" time="4.353">
  <properties/>
  <testcase name="testPrime" classname="tests.PrimeTest" time="4.352"/>
  <testcase name="testPrimeLong" classname="tests.PrimeTest" time="0.0">
    <skipped/>
  </testcase>
  <testcase name="testNonPrime" classname="tests.PrimeTest" time="0.0"/>
  <system-out><![CDATA[]]></system-out>
  <system-err><![CDATA[]]></system-err>
</testsuite>
