<?xml version="1.0" encoding="UTF-8"?>
<testsuite name="tests.ModificationGroup" tests="1" skipped="0" failures="0" errors="0" timestamp="2019-10-21T17:02:36" hostname="DESKTOP-OH2EBC8" time="28.657">
  <properties/>
  <testcase name="testGroupModification" classname="tests.ModificationGroup" time="28.657"/>
  <system-out><![CDATA[]]></system-out>
  <system-err><![CDATA[Starting ChromeDriver 77.0.3865.40 (f484704e052e0b556f8030b65b953dce96503217-refs/branch-heads/3865@{#442}) on port 4795
Only local connections are allowed.
Please protect ports used by ChromeDriver and related test frameworks to prevent access by malicious code.
[1571677361.528][WARNING]: Timed out connecting to Chrome, retrying...
Oct 21, 2019 8:02:43 PM org.openqa.selenium.remote.ProtocolHandshake createSession
INFO: Detected dialect: W3C
[1571677365.894][WARNING]: Timed out connecting to Chrome, retrying...
]]></system-err>
</testsuite>
