<?xml version="1.0" encoding="UTF-8"?>
<testsuite name="tests.CreateGroup" tests="1" skipped="0" failures="0" errors="0" timestamp="2019-11-17T21:13:46" hostname="DESKTOP-OH2EBC8" time="26.421">
  <properties/>
  <testcase name="groupCreation" classname="tests.CreateGroup" time="26.421"/>
  <system-out><![CDATA[Number of groups BEFORE = [GroupData{id='23', name=''}, GroupData{id='24', name=''}, GroupData{id='26', name=''}, GroupData{id='25', name='test'}, GroupData{id='27', name='test1'}]
Number of groups AFTER = [GroupData{id='23', name=''}, GroupData{id='24', name=''}, GroupData{id='26', name=''}, GroupData{id='25', name='test'}, GroupData{id='27', name='test1'}, GroupData{id='28', name='test1'}]
]]></system-out>
  <system-err><![CDATA[1574025228387	mozrunner::runner	INFO	Running command: "C:\\Program Files\\Mozilla Firefox\\firefox.exe" "-marionette" "-foreground" "-no-remote" "-profile" "C:\\Users\\vista\\AppData\\Local\\Temp\\rust_mozprofileLmN2b8"
1574025229460	addons.webextension.screenshots@mozilla.org	WARN	Loading extension 'screenshots@mozilla.org': Reading manifest: Invalid extension permission: mozillaAddons
1574025229460	addons.webextension.screenshots@mozilla.org	WARN	Loading extension 'screenshots@mozilla.org': Reading manifest: Invalid extension permission: telemetry
1574025229461	addons.webextension.screenshots@mozilla.org	WARN	Loading extension 'screenshots@mozilla.org': Reading manifest: Invalid extension permission: resource://pdf.js/
1574025229461	addons.webextension.screenshots@mozilla.org	WARN	Loading extension 'screenshots@mozilla.org': Reading manifest: Invalid extension permission: about:reader*
JavaScript error: resource://gre/modules/XULStore.jsm, line 66: Error: Can't find profile directory.
1574025233302	Marionette	INFO	Listening on port 58865
1574025233793	Marionette	WARN	TLS certificate errors will be ignored for this session
Nov 17, 2019 11:13:53 PM org.openqa.selenium.remote.ProtocolHandshake createSession
INFO: Detected dialect: W3C
1574025250175	Marionette	INFO	Stopped listening on port 58865
[Child 5776, Chrome_ChildThread] WARNING: pipe error: 109: file z:/task_1571244707/build/src/ipc/chromium/src/chrome/common/ipc_channel_win.cc, line 341
[Child 5776, Chrome_ChildThread] WARNING: pipe error: 109: file z:/task_1571244707/build/src/ipc/chromium/src/chrome/common/ipc_channel_win.cc, line 341
[Child 11052, Chrome_ChildThread] WARNING: pipe error: 109: file z:/task_1571244707/build/src/ipc/chromium/src/chrome/common/ipc_channel_win.cc, line 341
[Child 11052, Chrome_ChildThread] WARNING: pipe error: 109: fi[Parent 6748, Gecko_IOThread] WARNING: pipe error: 109: file z:/task_1571244707/build/src/ipc/chromium/src/chrome/common/ipc_channel_win.cc, line 341

###!!! [Child][RunMessage] Error: Channel closing: too late to send/recv, messages will be lost

[GPU 8640, Chrome_ChildThread] WARNING: pipe error: 109: f
###!!! [Child][MessageChannel::SendAndWait] Error: Channel error: cannot send/recv

]]></system-err>
</testsuite>
