<?xml version="1.0" encoding="UTF-8"?>
<testsuite name="tests.ModificationGroup" tests="1" skipped="0" failures="0" errors="0" timestamp="2019-10-28T21:15:40" hostname="DESKTOP-OH2EBC8" time="95.443">
  <properties/>
  <testcase name="testGroupModification" classname="tests.ModificationGroup" time="95.443"/>
  <system-out><![CDATA[]]></system-out>
  <system-err><![CDATA[1572297342479	mozrunner::runner	INFO	Running command: "C:\\Program Files\\Mozilla Firefox\\firefox.exe" "-marionette" "-foreground" "-no-remote" "-profile" "C:\\Users\\vista\\AppData\\Local\\Temp\\rust_mozprofilezq5bT7"
1572297343433	addons.webextension.screenshots@mozilla.org	WARN	Loading extension 'screenshots@mozilla.org': Reading manifest: Invalid extension permission: mozillaAddons
1572297343433	addons.webextension.screenshots@mozilla.org	WARN	Loading extension 'screenshots@mozilla.org': Reading manifest: Invalid extension permission: telemetry
1572297343434	addons.webextension.screenshots@mozilla.org	WARN	Loading extension 'screenshots@mozilla.org': Reading manifest: Invalid extension permission: resource://pdf.js/
1572297343434	addons.webextension.screenshots@mozilla.org	WARN	Loading extension 'screenshots@mozilla.org': Reading manifest: Invalid extension permission: about:reader*
JavaScript error: resource://gre/modules/XULStore.jsm, line 66: Error: Can't find profile directory.
1572297347357	Marionette	INFO	Listening on port 51772
1572297347789	Marionette	WARN	TLS certificate errors will be ignored for this session
Oct 28, 2019 11:15:47 PM org.openqa.selenium.remote.ProtocolHandshake createSession
INFO: Detected dialect: W3C
1572297434282	Marionette	INFO	Stopped listening on port 51772
[Parent 8364, Gecko_IOThread] WARNING: pipe error: 109: file z:/task_1571244707/build/src/ipc/chromium/src/chrome/common/ipc_channel_win.cc, line 341
[Child 12380, Chrome_ChildThread] WARNING: pipe error: 109: file z:/task_1571244707/build/src/ipc/chromium/src/chrome/common/ipc_channel_win.cc, line 341
[Child 12380, Chrome[Parent 8364, Gecko_IOThread] WARNING: pipe error: 109: file z:/task_1571244707/build/src/ipc/chromium/src/chrome/common/ipc_channel_win.cc, line 341
[GPU 10608, Chrom
###!!! [Child][RunMessage] Error: Channel closing: too late to send/recv, messages will be lost

]]></system-err>
</testsuite>
