<?xml version="1.0" encoding="UTF-8"?>
<testsuite name="tests.DeleteContact" tests="1" skipped="0" failures="0" errors="0" timestamp="2019-11-04T21:07:29" hostname="DESKTOP-OH2EBC8" time="15.927">
  <properties/>
  <testcase name="testContactDeletion" classname="tests.DeleteContact" time="15.927"/>
  <system-out><![CDATA[]]></system-out>
  <system-err><![CDATA[1572901651035	mozrunner::runner	INFO	Running command: "C:\\Program Files\\Mozilla Firefox\\firefox.exe" "-marionette" "-foreground" "-no-remote" "-profile" "C:\\Users\\vista\\AppData\\Local\\Temp\\rust_mozprofile3oXKYu"
1572901652145	addons.webextension.screenshots@mozilla.org	WARN	Loading extension 'screenshots@mozilla.org': Reading manifest: Invalid extension permission: mozillaAddons
1572901652146	addons.webextension.screenshots@mozilla.org	WARN	Loading extension 'screenshots@mozilla.org': Reading manifest: Invalid extension permission: telemetry
1572901652146	addons.webextension.screenshots@mozilla.org	WARN	Loading extension 'screenshots@mozilla.org': Reading manifest: Invalid extension permission: resource://pdf.js/
1572901652146	addons.webextension.screenshots@mozilla.org	WARN	Loading extension 'screenshots@mozilla.org': Reading manifest: Invalid extension permission: about:reader*
JavaScript error: resource://gre/modules/XULStore.jsm, line 66: Error: Can't find profile directory.
1572901655861	Marionette	INFO	Listening on port 51084
1572901655894	Marionette	WARN	TLS certificate errors will be ignored for this session
Nov 04, 2019 11:07:35 PM org.openqa.selenium.remote.ProtocolHandshake createSession
INFO: Detected dialect: W3C
1572901662543	Marionette	INFO	Stopped listening on port 51084
[Child 10928, Chrome_ChildThread] WARNING: pipe error: 109: file z:/task_1571244707/build/src/ipc/chromium/src/chrome/common/ipc_channel_win.cc, line 341
[Parent 11244, Gecko_IOThread] WARNING: pipe error: 109: file z:/task_1571244707/build/src/ipc/chromium/src/chrome/common/ipc_channel_win.cc, line 341

###!!! [Child][RunMessage] Error: Channel closing: too late to send/recv, messages will be lost

[GPU 10504, Chrome_ChildThread] WARNING: pipe error: 109: file z:/task_1571244707/bu
###!!! [Child][MessageChannel::SendAndWait] Error: Channel error: cannot send/recv

]]></system-err>
</testsuite>
